<?xml version="1.0" encoding="UTF-8"?>
<!-- Generated by org.testng.reporters.JUnitXMLReporter -->
<testsuite ignored="0" hostname="DESKTOP-CIEOMG7" failures="0" tests="6" name="Default test" time="1.855" errors="0" timestamp="2025-02-07T18:54:08 IST">
  <testcase classname="ComplexJsonParse_TestNg" name="getAllCoursesTitleAndPrice" time="1.432"/>
  <testcase classname="ComplexJsonParse_TestNg" name="getFirstCourseTitle" time="0.027"/>
  <testcase classname="ComplexJsonParse_TestNg" name="getNoOfCopiesSoldByCourse" time="0.127"/>
  <testcase classname="ComplexJsonParse_TestNg" name="getNoOfCourses" time="0.025"/>
  <testcase classname="ComplexJsonParse_TestNg" name="getPuarchaseAmout" time="0.017"/>
  <testcase classname="ComplexJsonParse_TestNg" name="verifySumOfAllCoursesWithPurchaseAmount" time="0.156"/>
</testsuite> <!-- Default test -->
