<?xml version="1.0" encoding="UTF-8"?>
<testng-results ignored="0" total="6" passed="6" failed="0" skipped="0">
  <reporter-output>
  </reporter-output>
  <suite started-at="2025-02-07T18:54:07 IST" name="Default suite" finished-at="2025-02-07T18:54:08 IST" duration-ms="1855">
    <groups>
    </groups>
    <test started-at="2025-02-07T18:54:07 IST" name="Default test" finished-at="2025-02-07T18:54:08 IST" duration-ms="1855">
      <class name="ComplexJsonParse_TestNg">
        <test-method signature="getAllCoursesTitleAndPrice()[pri:0, instance:ComplexJsonParse_TestNg@6d763516]" started-at="2025-02-07T18:54:07 IST" name="getAllCoursesTitleAndPrice" finished-at="2025-02-07T18:54:08 IST" duration-ms="1432" status="PASS">
          <reporter-output>
          </reporter-output>
        </test-method> <!-- getAllCoursesTitleAndPrice -->
        <test-method signature="getFirstCourseTitle()[pri:0, instance:ComplexJsonParse_TestNg@6d763516]" started-at="2025-02-07T18:54:08 IST" name="getFirstCourseTitle" finished-at="2025-02-07T18:54:08 IST" duration-ms="27" status="PASS">
          <reporter-output>
          </reporter-output>
        </test-method> <!-- getFirstCourseTitle -->
        <test-method signature="getNoOfCopiesSoldByCourse()[pri:0, instance:ComplexJsonParse_TestNg@6d763516]" started-at="2025-02-07T18:54:08 IST" name="getNoOfCopiesSoldByCourse" finished-at="2025-02-07T18:54:08 IST" duration-ms="127" status="PASS">
          <reporter-output>
          </reporter-output>
        </test-method> <!-- getNoOfCopiesSoldByCourse -->
        <test-method signature="getNoOfCourses()[pri:0, instance:ComplexJsonParse_TestNg@6d763516]" started-at="2025-02-07T18:54:08 IST" name="getNoOfCourses" finished-at="2025-02-07T18:54:08 IST" duration-ms="25" status="PASS">
          <reporter-output>
          </reporter-output>
        </test-method> <!-- getNoOfCourses -->
        <test-method signature="getPuarchaseAmout()[pri:0, instance:ComplexJsonParse_TestNg@6d763516]" started-at="2025-02-07T18:54:08 IST" name="getPuarchaseAmout" finished-at="2025-02-07T18:54:08 IST" duration-ms="17" status="PASS">
          <reporter-output>
          </reporter-output>
        </test-method> <!-- getPuarchaseAmout -->
        <test-method signature="verifySumOfAllCoursesWithPurchaseAmount()[pri:0, instance:ComplexJsonParse_TestNg@6d763516]" started-at="2025-02-07T18:54:08 IST" name="verifySumOfAllCoursesWithPurchaseAmount" finished-at="2025-02-07T18:54:08 IST" duration-ms="156" status="PASS">
          <reporter-output>
          </reporter-output>
        </test-method> <!-- verifySumOfAllCoursesWithPurchaseAmount -->
      </class> <!-- ComplexJsonParse_TestNg -->
    </test> <!-- Default test -->
  </suite> <!-- Default suite -->
</testng-results>
