<?xml version="1.0" encoding="UTF-8"?>
<testng-results ignored="0" total="1" passed="1" failed="0" skipped="0">
  <reporter-output>
  </reporter-output>
  <suite started-at="2025-02-08T01:05:28 IST" name="Default suite" finished-at="2025-02-08T01:05:32 IST" duration-ms="3881">
    <groups>
    </groups>
    <test started-at="2025-02-08T01:05:28 IST" name="Default test" finished-at="2025-02-08T01:05:32 IST" duration-ms="3881">
      <class name="DynamicJson_IV">
        <test-method signature="addPlace_StaticJsonFile()[pri:0, instance:DynamicJson_IV@1aa7ecca]" started-at="2025-02-08T01:05:28 IST" name="addPlace_StaticJsonFile" finished-at="2025-02-08T01:05:31 IST" duration-ms="3779" status="PASS">
          <reporter-output>
          </reporter-output>
        </test-method> <!-- addPlace_StaticJsonFile -->
      </class> <!-- DynamicJson_IV -->
    </test> <!-- Default test -->
  </suite> <!-- Default suite -->
</testng-results>
